# JRE version: OpenJDK Runtime Environment Temurin-17.0.1+12 (17.0.1+12) (build 17.0.1+12)
# Java VM: OpenJDK 64-Bit Server VM Temurin-17.0.1+12 (17.0.1+12, mixed mode, tiered, compressed oops, compressed class ptrs, g1 gc, linux-amd64)
GC Precious Log:
 CPUs: 4 total, 4 available
 Memory: 15896M
 Large Page Support: Disabled
 NUMA Support: Disabled
 Compressed Oops: Enabled (32-bit)
 Heap Region Size: 1M
 Heap Min Capacity: 8M
 Heap Initial Capacity: 250M
 Heap Max Capacity: 1G
 Pre-touch: Disabled
 Parallel Workers: 4
 Concurrent Workers: 1
 Concurrent Refinement Workers: 4
 Periodic GC: Disabled
Heap:
 garbage-first heap   total 157696K, used 82041K [0x00000000c0000000, 0x0000000100000000)
  region size 1024K, 50 young (51200K), 10 survivors (10240K)
 Metaspace       used 55424K, committed 56832K, reserved 1105920K
  class space    used 6614K, committed 7168K, reserved 1048576K
GC Heap History (20 events):
Event: 0.930 GC heap before
{Heap before GC invocations=1 (full 0):
 garbage-first heap   total 256000K, used 17891K [0x00000000c0000000, 0x0000000100000000)
  region size 1024K, 18 young (18432K), 2 survivors (2048K)
 Metaspace       used 12300K, committed 12480K, reserved 1064960K
  class space    used 1235K, committed 1344K, reserved 1048576K
}
Event: 0.948 GC heap after
{Heap after GC invocations=2 (full 0):
 garbage-first heap   total 256000K, used 9420K [0x00000000c0000000, 0x0000000100000000)
  region size 1024K, 3 young (3072K), 3 survivors (3072K)
 Metaspace       used 12300K, committed 12480K, reserved 1064960K
  class space    used 1235K, committed 1344K, reserved 1048576K
}
Event: 1.251 GC heap before
{Heap before GC invocations=2 (full 0):
 garbage-first heap   total 256000K, used 20684K [0x00000000c0000000, 0x0000000100000000)
  region size 1024K, 15 young (15360K), 3 survivors (3072K)
 Metaspace       used 15107K, committed 15360K, reserved 1064960K
  class space    used 1552K, committed 1664K, reserved 1048576K
}
Event: 1.260 GC heap after
{Heap after GC invocations=3 (full 0):
 garbage-first heap   total 256000K, used 10611K [0x00000000c0000000, 0x0000000100000000)
  region size 1024K, 1 young (1024K), 1 survivors (1024K)
 Metaspace       used 15107K, committed 15360K, reserved 1064960K
  class space    used 1552K, committed 1664K, reserved 1048576K
}
Event: 1.879 GC heap before
{Heap before GC invocations=3 (full 0):
 garbage-first heap   total 256000K, used 32115K [0x00000000c0000000, 0x0000000100000000)
  region size 1024K, 24 young (24576K), 1 survivors (1024K)
 Metaspace       used 20922K, committed 21504K, reserved 1073152K
  class space    used 2164K, committed 2368K, reserved 1048576K
}
Event: 1.887 GC heap after
{Heap after GC invocations=4 (full 0):
 garbage-first heap   total 256000K, used 15330K [0x00000000c0000000, 0x0000000100000000)
  region size 1024K, 5 young (5120K), 5 survivors (5120K)
 Metaspace       used 20922K, committed 21504K, reserved 1073152K
  class space    used 2164K, committed 2368K, reserved 1048576K
}
Event: 54.662 GC heap before
{Heap before GC invocations=5 (full 0):
 garbage-first heap   total 58368K, used 40930K [0x00000000c0000000, 0x0000000100000000)
  region size 1024K, 32 young (32768K), 5 survivors (5120K)
 Metaspace       used 29557K, committed 30464K, reserved 1081344K
  class space    used 3139K, committed 3520K, reserved 1048576K
}
Event: 54.671 GC heap after
{Heap after GC invocations=6 (full 0):
 garbage-first heap   total 58368K, used 18639K [0x00000000c0000000, 0x0000000100000000)
  region size 1024K, 4 young (4096K), 4 survivors (4096K)
 Metaspace       used 29557K, committed 30464K, reserved 1081344K
  class space    used 3139K, committed 3520K, reserved 1048576K
}
Event: 54.705 GC heap before
{Heap before GC invocations=6 (full 0):
 garbage-first heap   total 58368K, used 19663K [0x00000000c0000000, 0x0000000100000000)
  region size 1024K, 5 young (5120K), 4 survivors (4096K)
 Metaspace       used 29967K, committed 30784K, reserved 1081344K
  class space    used 3200K, committed 3520K, reserved 1048576K
}
Event: 54.711 GC heap after
{Heap after GC invocations=7 (full 0):
 garbage-first heap   total 58368K, used 18752K [0x00000000c0000000, 0x0000000100000000)
  region size 1024K, 1 young (1024K), 1 survivors (1024K)
 Metaspace       used 29967K, committed 30784K, reserved 1081344K
  class space    used 3200K, committed 3520K, reserved 1048576K
}
Event: 55.185 GC heap before
{Heap before GC invocations=7 (full 0):
 garbage-first heap   total 58368K, used 39232K [0x00000000c0000000, 0x0000000100000000)
  region size 1024K, 21 young (21504K), 1 survivors (1024K)
 Metaspace       used 33827K, committed 34752K, reserved 1081344K
  class space    used 3803K, committed 4224K, reserved 1048576K
}
Event: 55.190 GC heap after
{Heap after GC invocations=8 (full 0):
 garbage-first heap   total 58368K, used 23294K [0x00000000c0000000, 0x0000000100000000)
  region size 1024K, 3 young (3072K), 3 survivors (3072K)
 Metaspace       used 33827K, committed 34752K, reserved 1081344K
  class space    used 3803K, committed 4224K, reserved 1048576K
}
Event: 55.576 GC heap before
{Heap before GC invocations=8 (full 0):
 garbage-first heap   total 58368K, used 40702K [0x00000000c0000000, 0x0000000100000000)
  region size 1024K, 20 young (20480K), 3 survivors (3072K)
 Metaspace       used 35396K, committed 36288K, reserved 1081344K
  class space    used 4006K, committed 4352K, reserved 1048576K
}
Event: 55.582 GC heap after
{Heap after GC invocations=9 (full 0):
 garbage-first heap   total 58368K, used 25894K [0x00000000c0000000, 0x0000000100000000)
  region size 1024K, 3 young (3072K), 3 survivors (3072K)
 Metaspace       used 35396K, committed 36288K, reserved 1081344K
  class space    used 4006K, committed 4352K, reserved 1048576K
}
Event: 55.990 GC heap before
{Heap before GC invocations=10 (full 0):
 garbage-first heap   total 58368K, used 41254K [0x00000000c0000000, 0x0000000100000000)
  region size 1024K, 18 young (18432K), 3 survivors (3072K)
 Metaspace       used 37366K, committed 38336K, reserved 1089536K
  class space    used 4255K, committed 4672K, reserved 1048576K
}
Event: 55.998 GC heap after
{Heap after GC invocations=11 (full 0):
 garbage-first heap   total 58368K, used 29605K [0x00000000c0000000, 0x0000000100000000)
  region size 1024K, 3 young (3072K), 3 survivors (3072K)
 Metaspace       used 37366K, committed 38336K, reserved 1089536K
  class space    used 4255K, committed 4672K, reserved 1048576K
}
Event: 56.031 GC heap before
{Heap before GC invocations=11 (full 0):
 garbage-first heap   total 58368K, used 30629K [0x00000000c0000000, 0x0000000100000000)
  region size 1024K, 4 young (4096K), 3 survivors (3072K)
 Metaspace       used 37511K, committed 38464K, reserved 1089536K
  class space    used 4269K, committed 4672K, reserved 1048576K
}
Event: 56.038 GC heap after
{Heap after GC invocations=12 (full 0):
 garbage-first heap   total 157696K, used 29430K [0x00000000c0000000, 0x0000000100000000)
  region size 1024K, 1 young (1024K), 1 survivors (1024K)
 Metaspace       used 37511K, committed 38464K, reserved 1089536K
  class space    used 4269K, committed 4672K, reserved 1048576K
}
Event: 58.602 GC heap before
{Heap before GC invocations=12 (full 0):
 garbage-first heap   total 157696K, used 109302K [0x00000000c0000000, 0x0000000100000000)
  region size 1024K, 80 young (81920K), 1 survivors (1024K)
 Metaspace       used 49580K, committed 50880K, reserved 1097728K
  class space    used 5831K, committed 6400K, reserved 1048576K
}
Event: 58.623 GC heap after
{Heap after GC invocations=13 (full 0):
 garbage-first heap   total 157696K, used 42105K [0x00000000c0000000, 0x0000000100000000)
  region size 1024K, 10 young (10240K), 10 survivors (10240K)
 Metaspace       used 49580K, committed 50880K, reserved 1097728K
  class space    used 5831K, committed 6400K, reserved 1048576K
}

