# JRE version: OpenJDK Runtime Environment Temurin-17.0.1+12 (17.0.1+12) (build 17.0.1+12)
# Java VM: OpenJDK 64-Bit Server VM Temurin-17.0.1+12 (17.0.1+12, mixed mode, tiered, compressed oops, compressed class ptrs, g1 gc, linux-amd64)
GC Precious Log:
 CPUs: 4 total, 4 available
 Memory: 15896M
 Large Page Support: Disabled
 NUMA Support: Disabled
 Compressed Oops: Enabled (32-bit)
 Heap Region Size: 1M
 Heap Min Capacity: 8M
 Heap Initial Capacity: 250M
 Heap Max Capacity: 1G
 Pre-touch: Disabled
 Parallel Workers: 4
 Concurrent Workers: 1
 Concurrent Refinement Workers: 4
 Periodic GC: Disabled
Heap:
 garbage-first heap   total 79872K, used 51816K [0x00000000c0000000, 0x0000000100000000)
  region size 1024K, 12 young (12288K), 1 survivors (1024K)
 Metaspace       used 54216K, committed 55680K, reserved 1105920K
  class space    used 6426K, committed 7040K, reserved 1048576K
GC Heap History (20 events):
Event: 3.495 GC heap before
{Heap before GC invocations=6 (full 0):
 garbage-first heap   total 65536K, used 44177K [0x00000000c0000000, 0x0000000100000000)
  region size 1024K, 32 young (32768K), 12 survivors (12288K)
 Metaspace       used 32382K, committed 33280K, reserved 1081344K
  class space    used 3575K, committed 3904K, reserved 1048576K
}
Event: 3.504 GC heap after
{Heap after GC invocations=7 (full 0):
 garbage-first heap   total 65536K, used 22062K [0x00000000c0000000, 0x0000000100000000)
  region size 1024K, 4 young (4096K), 4 survivors (4096K)
 Metaspace       used 32382K, committed 33280K, reserved 1081344K
  class space    used 3575K, committed 3904K, reserved 1048576K
}
Event: 4.002 GC heap before
{Heap before GC invocations=7 (full 0):
 garbage-first heap   total 65536K, used 41518K [0x00000000c0000000, 0x0000000100000000)
  region size 1024K, 24 young (24576K), 4 survivors (4096K)
 Metaspace       used 35425K, committed 36288K, reserved 1081344K
  class space    used 3960K, committed 4288K, reserved 1048576K
}
Event: 4.015 GC heap after
{Heap after GC invocations=8 (full 0):
 garbage-first heap   total 65536K, used 26199K [0x00000000c0000000, 0x0000000100000000)
  region size 1024K, 3 young (3072K), 3 survivors (3072K)
 Metaspace       used 35425K, committed 36288K, reserved 1081344K
  class space    used 3960K, committed 4288K, reserved 1048576K
}
Event: 4.291 GC heap before
{Heap before GC invocations=9 (full 0):
 garbage-first heap   total 65536K, used 43607K [0x00000000c0000000, 0x0000000100000000)
  region size 1024K, 21 young (21504K), 3 survivors (3072K)
 Metaspace       used 37537K, committed 38656K, reserved 1089536K
  class space    used 4253K, committed 4672K, reserved 1048576K
}
Event: 4.301 GC heap after
{Heap after GC invocations=10 (full 0):
 garbage-first heap   total 65536K, used 30963K [0x00000000c0000000, 0x0000000100000000)
  region size 1024K, 3 young (3072K), 3 survivors (3072K)
 Metaspace       used 37537K, committed 38656K, reserved 1089536K
  class space    used 4253K, committed 4672K, reserved 1048576K
}
Event: 4.770 GC heap before
{Heap before GC invocations=11 (full 0):
 garbage-first heap   total 65536K, used 45299K [0x00000000c0000000, 0x0000000100000000)
  region size 1024K, 18 young (18432K), 3 survivors (3072K)
 Metaspace       used 40394K, committed 41472K, reserved 1089536K
  class space    used 4603K, committed 5056K, reserved 1048576K
}
Event: 4.779 GC heap after
{Heap after GC invocations=12 (full 0):
 garbage-first heap   total 65536K, used 34129K [0x00000000c0000000, 0x0000000100000000)
  region size 1024K, 3 young (3072K), 3 survivors (3072K)
 Metaspace       used 40394K, committed 41472K, reserved 1089536K
  class space    used 4603K, committed 5056K, reserved 1048576K
}
Event: 5.182 GC heap before
{Heap before GC invocations=12 (full 0):
 garbage-first heap   total 65536K, used 46417K [0x00000000c0000000, 0x0000000100000000)
  region size 1024K, 16 young (16384K), 3 survivors (3072K)
 Metaspace       used 41767K, committed 42880K, reserved 1089536K
  class space    used 4814K, committed 5248K, reserved 1048576K
}
Event: 5.191 GC heap after
{Heap after GC invocations=13 (full 0):
 garbage-first heap   total 79872K, used 36308K [0x00000000c0000000, 0x0000000100000000)
  region size 1024K, 2 young (2048K), 2 survivors (2048K)
 Metaspace       used 41767K, committed 42880K, reserved 1089536K
  class space    used 4814K, committed 5248K, reserved 1048576K
}
Event: 6.021 GC heap before
{Heap before GC invocations=14 (full 0):
 garbage-first heap   total 79872K, used 56788K [0x00000000c0000000, 0x0000000100000000)
  region size 1024K, 23 young (23552K), 2 survivors (2048K)
 Metaspace       used 45290K, committed 46464K, reserved 1089536K
  class space    used 5281K, committed 5824K, reserved 1048576K
}
Event: 6.027 GC heap after
{Heap after GC invocations=15 (full 0):
 garbage-first heap   total 79872K, used 39617K [0x00000000c0000000, 0x0000000100000000)
  region size 1024K, 3 young (3072K), 3 survivors (3072K)
 Metaspace       used 45290K, committed 46464K, reserved 1089536K
  class space    used 5281K, committed 5824K, reserved 1048576K
}
Event: 6.053 GC heap before
{Heap before GC invocations=15 (full 0):
 garbage-first heap   total 79872K, used 40641K [0x00000000c0000000, 0x0000000100000000)
  region size 1024K, 4 young (4096K), 3 survivors (3072K)
 Metaspace       used 45489K, committed 46720K, reserved 1097728K
  class space    used 5303K, committed 5824K, reserved 1048576K
}
Event: 6.057 GC heap after
{Heap after GC invocations=16 (full 0):
 garbage-first heap   total 79872K, used 39436K [0x00000000c0000000, 0x0000000100000000)
  region size 1024K, 1 young (1024K), 1 survivors (1024K)
 Metaspace       used 45489K, committed 46720K, reserved 1097728K
  class space    used 5303K, committed 5824K, reserved 1048576K
}
Event: 6.474 GC heap before
{Heap before GC invocations=16 (full 0):
 garbage-first heap   total 79872K, used 59916K [0x00000000c0000000, 0x0000000100000000)
  region size 1024K, 21 young (21504K), 1 survivors (1024K)
 Metaspace       used 49574K, committed 50944K, reserved 1097728K
  class space    used 5805K, committed 6336K, reserved 1048576K
}
Event: 6.477 GC heap after
{Heap after GC invocations=17 (full 0):
 garbage-first heap   total 79872K, used 40592K [0x00000000c0000000, 0x0000000100000000)
  region size 1024K, 2 young (2048K), 2 survivors (2048K)
 Metaspace       used 49574K, committed 50944K, reserved 1097728K
  class space    used 5805K, committed 6336K, reserved 1048576K
}
Event: 7.165 GC heap before
{Heap before GC invocations=18 (full 0):
 garbage-first heap   total 79872K, used 61072K [0x00000000c0000000, 0x0000000100000000)
  region size 1024K, 22 young (22528K), 2 survivors (2048K)
 Metaspace       used 53327K, committed 54720K, reserved 1097728K
  class space    used 6307K, committed 6848K, reserved 1048576K
}
Event: 7.175 GC heap after
{Heap after GC invocations=19 (full 0):
 garbage-first heap   total 79872K, used 42794K [0x00000000c0000000, 0x0000000100000000)
  region size 1024K, 3 young (3072K), 3 survivors (3072K)
 Metaspace       used 53327K, committed 54720K, reserved 1097728K
  class space    used 6307K, committed 6848K, reserved 1048576K
}
Event: 7.197 GC heap before
{Heap before GC invocations=19 (full 0):
 garbage-first heap   total 79872K, used 43818K [0x00000000c0000000, 0x0000000100000000)
  region size 1024K, 4 young (4096K), 3 survivors (3072K)
 Metaspace       used 53524K, committed 54976K, reserved 1097728K
  class space    used 6331K, committed 6912K, reserved 1048576K
}
Event: 7.206 GC heap after
{Heap after GC invocations=20 (full 0):
 garbage-first heap   total 79872K, used 41576K [0x00000000c0000000, 0x0000000100000000)
  region size 1024K, 1 young (1024K), 1 survivors (1024K)
 Metaspace       used 53524K, committed 54976K, reserved 1097728K
  class space    used 6331K, committed 6912K, reserved 1048576K
}

