# JRE version: OpenJDK Runtime Environment Temurin-17.0.1+12 (17.0.1+12) (build 17.0.1+12)
# Java VM: OpenJDK 64-Bit Server VM Temurin-17.0.1+12 (17.0.1+12, mixed mode, tiered, compressed oops, compressed class ptrs, g1 gc, linux-amd64)
GC Precious Log:
 CPUs: 4 total, 4 available
 Memory: 15896M
 Large Page Support: Disabled
 NUMA Support: Disabled
 Compressed Oops: Enabled (32-bit)
 Heap Region Size: 1M
 Heap Min Capacity: 8M
 Heap Initial Capacity: 250M
 Heap Max Capacity: 1G
 Pre-touch: Disabled
 Parallel Workers: 4
 Concurrent Workers: 1
 Concurrent Refinement Workers: 4
 Periodic GC: Disabled
Heap:
 garbage-first heap   total 78848K, used 41401K [0x00000000c0000000, 0x0000000100000000)
  region size 1024K, 9 young (9216K), 3 survivors (3072K)
 Metaspace       used 44974K, committed 46016K, reserved 1097728K
  class space    used 5215K, committed 5632K, reserved 1048576K
GC Heap History (20 events):
Event: 0.922 GC heap before
{Heap before GC invocations=1 (full 0):
 garbage-first heap   total 256000K, used 17876K [0x00000000c0000000, 0x0000000100000000)
  region size 1024K, 18 young (18432K), 2 survivors (2048K)
 Metaspace       used 12289K, committed 12480K, reserved 1064960K
  class space    used 1235K, committed 1344K, reserved 1048576K
}
Event: 0.935 GC heap after
{Heap after GC invocations=2 (full 0):
 garbage-first heap   total 256000K, used 9392K [0x00000000c0000000, 0x0000000100000000)
  region size 1024K, 3 young (3072K), 3 survivors (3072K)
 Metaspace       used 12289K, committed 12480K, reserved 1064960K
  class space    used 1235K, committed 1344K, reserved 1048576K
}
Event: 1.255 GC heap before
{Heap before GC invocations=2 (full 0):
 garbage-first heap   total 256000K, used 23728K [0x00000000c0000000, 0x0000000100000000)
  region size 1024K, 17 young (17408K), 3 survivors (3072K)
 Metaspace       used 15432K, committed 15744K, reserved 1064960K
  class space    used 1587K, committed 1728K, reserved 1048576K
}
Event: 1.262 GC heap after
{Heap after GC invocations=3 (full 0):
 garbage-first heap   total 256000K, used 11295K [0x00000000c0000000, 0x0000000100000000)
  region size 1024K, 2 young (2048K), 2 survivors (2048K)
 Metaspace       used 15432K, committed 15744K, reserved 1064960K
  class space    used 1587K, committed 1728K, reserved 1048576K
}
Event: 1.862 GC heap before
{Heap before GC invocations=3 (full 0):
 garbage-first heap   total 256000K, used 30751K [0x00000000c0000000, 0x0000000100000000)
  region size 1024K, 23 young (23552K), 2 survivors (2048K)
 Metaspace       used 20924K, committed 21504K, reserved 1073152K
  class space    used 2163K, committed 2368K, reserved 1048576K
}
Event: 1.870 GC heap after
{Heap after GC invocations=4 (full 0):
 garbage-first heap   total 256000K, used 16097K [0x00000000c0000000, 0x0000000100000000)
  region size 1024K, 5 young (5120K), 5 survivors (5120K)
 Metaspace       used 20924K, committed 21504K, reserved 1073152K
  class space    used 2163K, committed 2368K, reserved 1048576K
}
Event: 3.144 GC heap before
{Heap before GC invocations=5 (full 0):
 garbage-first heap   total 65536K, used 50913K [0x00000000c0000000, 0x0000000100000000)
  region size 1024K, 40 young (40960K), 5 survivors (5120K)
 Metaspace       used 31207K, committed 32000K, reserved 1081344K
  class space    used 3473K, committed 3776K, reserved 1048576K
}
Event: 3.157 GC heap after
{Heap after GC invocations=6 (full 0):
 garbage-first heap   total 65536K, used 22651K [0x00000000c0000000, 0x0000000100000000)
  region size 1024K, 12 young (12288K), 12 survivors (12288K)
 Metaspace       used 31207K, committed 32000K, reserved 1081344K
  class space    used 3473K, committed 3776K, reserved 1048576K
}
Event: 3.444 GC heap before
{Heap before GC invocations=6 (full 0):
 garbage-first heap   total 65536K, used 41083K [0x00000000c0000000, 0x0000000100000000)
  region size 1024K, 31 young (31744K), 12 survivors (12288K)
 Metaspace       used 32320K, committed 33152K, reserved 1081344K
  class space    used 3587K, committed 3904K, reserved 1048576K
}
Event: 3.456 GC heap after
{Heap after GC invocations=7 (full 0):
 garbage-first heap   total 65536K, used 23038K [0x00000000c0000000, 0x0000000100000000)
  region size 1024K, 4 young (4096K), 4 survivors (4096K)
 Metaspace       used 32320K, committed 33152K, reserved 1081344K
  class space    used 3587K, committed 3904K, reserved 1048576K
}
Event: 4.021 GC heap before
{Heap before GC invocations=7 (full 0):
 garbage-first heap   total 65536K, used 44542K [0x00000000c0000000, 0x0000000100000000)
  region size 1024K, 24 young (24576K), 4 survivors (4096K)
 Metaspace       used 35331K, committed 36224K, reserved 1081344K
  class space    used 3954K, committed 4288K, reserved 1048576K
}
Event: 4.030 GC heap after
{Heap after GC invocations=8 (full 0):
 garbage-first heap   total 65536K, used 26894K [0x00000000c0000000, 0x0000000100000000)
  region size 1024K, 3 young (3072K), 3 survivors (3072K)
 Metaspace       used 35331K, committed 36224K, reserved 1081344K
  class space    used 3954K, committed 4288K, reserved 1048576K
}
Event: 4.041 GC heap before
{Heap before GC invocations=8 (full 0):
 garbage-first heap   total 65536K, used 26894K [0x00000000c0000000, 0x0000000100000000)
  region size 1024K, 4 young (4096K), 3 survivors (3072K)
 Metaspace       used 35381K, committed 36288K, reserved 1081344K
  class space    used 3959K, committed 4288K, reserved 1048576K
}
Event: 4.047 GC heap after
{Heap after GC invocations=9 (full 0):
 garbage-first heap   total 65536K, used 27667K [0x00000000c0000000, 0x0000000100000000)
  region size 1024K, 1 young (1024K), 1 survivors (1024K)
 Metaspace       used 35381K, committed 36288K, reserved 1081344K
  class space    used 3959K, committed 4288K, reserved 1048576K
}
Event: 4.451 GC heap before
{Heap before GC invocations=10 (full 0):
 garbage-first heap   total 65536K, used 45075K [0x00000000c0000000, 0x0000000100000000)
  region size 1024K, 19 young (19456K), 1 survivors (1024K)
 Metaspace       used 38192K, committed 39296K, reserved 1089536K
  class space    used 4336K, committed 4800K, reserved 1048576K
}
Event: 4.457 GC heap after
{Heap after GC invocations=11 (full 0):
 garbage-first heap   total 65536K, used 30572K [0x00000000c0000000, 0x0000000100000000)
  region size 1024K, 3 young (3072K), 3 survivors (3072K)
 Metaspace       used 38192K, committed 39296K, reserved 1089536K
  class space    used 4336K, committed 4800K, reserved 1048576K
}
Event: 4.924 GC heap before
{Heap before GC invocations=11 (full 0):
 garbage-first heap   total 65536K, used 45932K [0x00000000c0000000, 0x0000000100000000)
  region size 1024K, 19 young (19456K), 3 survivors (3072K)
 Metaspace       used 41016K, committed 42176K, reserved 1089536K
  class space    used 4669K, committed 5120K, reserved 1048576K
}
Event: 4.933 GC heap after
{Heap after GC invocations=12 (full 0):
 garbage-first heap   total 78848K, used 33416K [0x00000000c0000000, 0x0000000100000000)
  region size 1024K, 3 young (3072K), 3 survivors (3072K)
 Metaspace       used 41016K, committed 42176K, reserved 1089536K
  class space    used 4669K, committed 5120K, reserved 1048576K
}
Event: 5.956 GC heap before
{Heap before GC invocations=12 (full 0):
 garbage-first heap   total 78848K, used 57992K [0x00000000c0000000, 0x0000000100000000)
  region size 1024K, 27 young (27648K), 3 survivors (3072K)
 Metaspace       used 44407K, committed 45440K, reserved 1089536K
  class space    used 5154K, committed 5568K, reserved 1048576K
}
Event: 5.965 GC heap after
{Heap after GC invocations=13 (full 0):
 garbage-first heap   total 78848K, used 36281K [0x00000000c0000000, 0x0000000100000000)
  region size 1024K, 3 young (3072K), 3 survivors (3072K)
 Metaspace       used 44407K, committed 45440K, reserved 1089536K
  class space    used 5154K, committed 5568K, reserved 1048576K
}

